[0.007s] Invoking command in '/home/thedush/Videos/ros2_ws/build/cpp_node': CMAKE_PREFIX_PATH=/opt/ros/humble /usr/bin/cmake --build /home/thedush/Videos/ros2_ws/build/cpp_node -- -j8 -l8
[0.056s] -- Found ament_cmake: 1.3.11 (/opt/ros/humble/share/ament_cmake/cmake)
[0.145s] -- Found rclcpp: 16.0.12 (/opt/ros/humble/share/rclcpp/cmake)
[0.164s] -- Found rosidl_generator_c: 3.1.6 (/opt/ros/humble/share/rosidl_generator_c/cmake)
[0.166s] -- Found rosidl_adapter: 3.1.6 (/opt/ros/humble/share/rosidl_adapter/cmake)
[0.170s] -- Found rosidl_generator_cpp: 3.1.6 (/opt/ros/humble/share/rosidl_generator_cpp/cmake)
[0.176s] -- Using all available rosidl_typesupport_c: rosidl_typesupport_fastrtps_c;rosidl_typesupport_introspection_c
[0.183s] -- Using all available rosidl_typesupport_cpp: rosidl_typesupport_fastrtps_cpp;rosidl_typesupport_introspection_cpp
[0.203s] -- Found rmw_implementation_cmake: 6.1.2 (/opt/ros/humble/share/rmw_implementation_cmake/cmake)
[0.204s] -- Found rmw_fastrtps_cpp: 6.2.7 (/opt/ros/humble/share/rmw_fastrtps_cpp/cmake)
[0.273s] -- Using RMW implementation 'rmw_fastrtps_cpp' as default
[0.304s] -- Found geometry_msgs: 4.8.0 (/opt/ros/humble/share/geometry_msgs/cmake)
[0.312s] -- Found sensor_msgs: 4.8.0 (/opt/ros/humble/share/sensor_msgs/cmake)
[0.323s] -- Found nav_msgs: 4.8.0 (/opt/ros/humble/share/nav_msgs/cmake)
[0.334s] -- Found rosidl_default_generators: 1.2.0 (/opt/ros/humble/share/rosidl_default_generators/cmake)
[0.338s] -- Found tf2: 0.25.12 (/opt/ros/humble/share/tf2/cmake)
[0.341s] -- Found tf2_ros: 0.25.12 (/opt/ros/humble/share/tf2_ros/cmake)
[0.391s] -- Found tf2_geometry_msgs: 0.25.12 (/opt/ros/humble/share/tf2_geometry_msgs/cmake)
[0.393s] -- Found eigen3_cmake_module: 0.1.1 (/opt/ros/humble/share/eigen3_cmake_module/cmake)
[0.394s] -- Ensuring Eigen3 include directory is part of orocos-kdl CMake target
[0.395s] -- Found nav2_msgs: 1.1.18 (/opt/ros/humble/share/nav2_msgs/cmake)
[0.480s] -- Found visualization_msgs: 4.8.0 (/opt/ros/humble/share/visualization_msgs/cmake)
[0.524s] -- Found ament_lint_auto: 0.12.12 (/opt/ros/humble/share/ament_lint_auto/cmake)
[0.647s] -- Added test 'cppcheck' to perform static code analysis on C / C++ code
[0.647s] -- Configured cppcheck include dirs: /home/thedush/Videos/ros2_ws/src/cpp_node/include
[0.647s] -- Configured cppcheck exclude dirs and/or files: 
[0.648s] -- Added test 'lint_cmake' to check CMake code style
[0.650s] -- Added test 'uncrustify' to check C / C++ code style
[0.650s] -- Configured uncrustify additional arguments: 
[0.650s] -- Added test 'xmllint' to check XML markup files
[0.652s] -- Configuring done
[0.666s] -- Generating done
[0.690s] -- Build files have been written to: /home/thedush/Videos/ros2_ws/build/cpp_node
[0.723s] [ 50%] [32mBuilding CXX object CMakeFiles/waypoint_node.dir/src/waypoint.cpp.o[0m
[1.074s] In file included from [01m[K/home/thedush/Videos/ros2_ws/src/cpp_node/src/waypoint.cpp:1[m[K:
[1.074s] [01m[K/home/thedush/Videos/ros2_ws/src/cpp_node/include/cpp_node/waypoint.hpp:7:10:[m[K [01;31m[Kfatal error: [m[Kstd_srvs/srv/trigger.hpp: No such file or directory
[1.074s]     7 | #include [01;31m[K<std_srvs/srv/trigger.hpp>[m[K
[1.074s]       |          [01;31m[K^~~~~~~~~~~~~~~~~~~~~~~~~~[m[K
[1.074s] compilation terminated.
[1.078s] gmake[2]: *** [CMakeFiles/waypoint_node.dir/build.make:76: CMakeFiles/waypoint_node.dir/src/waypoint.cpp.o] Error 1
[1.078s] gmake[1]: *** [CMakeFiles/Makefile2:137: CMakeFiles/waypoint_node.dir/all] Error 2
[1.079s] gmake: *** [Makefile:146: all] Error 2
[1.082s] Invoked command in '/home/thedush/Videos/ros2_ws/build/cpp_node' returned '2': CMAKE_PREFIX_PATH=/opt/ros/humble /usr/bin/cmake --build /home/thedush/Videos/ros2_ws/build/cpp_node -- -j8 -l8
