[0.007s] Invoking command in '/home/thedush/Videos/ros2_ws/build/cpp_node': CMAKE_PREFIX_PATH=/opt/ros/humble /usr/bin/cmake --build /home/thedush/Videos/ros2_ws/build/cpp_node -- -j8 -l8
[0.038s] [35m[1mConsolidate compiler generated dependencies of target waypoint_node[0m
[0.050s] [ 50%] [32mBuilding CXX object CMakeFiles/waypoint_node.dir/src/waypoint.cpp.o[0m
[1.963s] In file included from [01m[K/home/thedush/Videos/ros2_ws/src/cpp_node/src/waypoint.cpp:1[m[K:
[1.963s] [01m[K/home/thedush/Videos/ros2_ws/src/cpp_node/include/cpp_node/waypoint.hpp:49:65:[m[K [01;31m[Kerror: [m[Kexpected â€˜[01m[K;[m[Kâ€™ at end of member declaration
[1.963s]    49 |   inline double get_yaw(const geometry_msgs::msg::Quaternion & q[01;31m[K)[m[K
[1.963s]       |                                                                 [01;31m[K^[m[K
[1.963s]       |                                                                  [32m[K;[m[K
[1.988s] [01m[K/home/thedush/Videos/ros2_ws/src/cpp_node/src/waypoint.cpp:166:1:[m[K [01;31m[Kerror: [m[Kexpected unqualified-id before â€˜[01m[K{[m[Kâ€™ token
[1.989s]   166 | [01;31m[K{[m[K
[1.989s]       | [01;31m[K^[m[K
[3.757s] In file included from [01m[K/home/thedush/Videos/ros2_ws/src/cpp_node/src/waypoint.cpp:1[m[K:
[3.757s] [01m[K/home/thedush/Videos/ros2_ws/src/cpp_node/include/cpp_node/waypoint.hpp:49:17:[m[K [01;35m[Kwarning: [m[Kinline function â€˜[01m[Kdouble WaypointManager::get_yaw(const Quaternion&)[m[Kâ€™ used but never defined
[3.757s]    49 |   inline double [01;35m[Kget_yaw[m[K(const geometry_msgs::msg::Quaternion & q)
[3.757s]       |                 [01;35m[K^~~~~~~[m[K
[4.045s] gmake[2]: *** [CMakeFiles/waypoint_node.dir/build.make:76: CMakeFiles/waypoint_node.dir/src/waypoint.cpp.o] Error 1
[4.045s] gmake[1]: *** [CMakeFiles/Makefile2:137: CMakeFiles/waypoint_node.dir/all] Error 2
[4.045s] gmake: *** [Makefile:146: all] Error 2
[4.047s] Invoked command in '/home/thedush/Videos/ros2_ws/build/cpp_node' returned '2': CMAKE_PREFIX_PATH=/opt/ros/humble /usr/bin/cmake --build /home/thedush/Videos/ros2_ws/build/cpp_node -- -j8 -l8
